<?xml version="1.0" encoding="UTF-8"?>
<testsuite xmlns:xsi="http://www.w3.org/2001/XMLSchema-instance" xsi:noNamespaceSchemaLocation="https://maven.apache.org/surefire/maven-surefire-plugin/xsd/surefire-test-report-3.0.xsd" version="3.0" name="com.nt.SpringBootRestLatestDockerAppApplicationTests" time="3.033" tests="1" errors="0" skipped="0" failures="0">
  <properties>
[...]
</properties>
  <testcase name="contextLoads" classname="com.nt.SpringBootRestLatestDockerAppApplicationTests" time="0.837">
    <system-out><![CDATA[15:16:34.387 [main] INFO org.springframework.test.context.support.AnnotationConfigContextLoaderUtils -- Could not detect default configuration classes for test class [com.nt.SpringBootRestLatestDockerAppApplicationTests]: SpringBootRestLatestDockerAppApplicationTests does not declare any static, non-private, non-final, nested classes annotated with @Configuration.
15:16:34.473 [main] INFO org.springframework.boot.test.context.SpringBootTestContextBootstrapper -- Found @SpringBootConfiguration com.nt.SpringBootRestLatestDockerAppApplication for test class com.nt.SpringBootRestLatestDockerAppApplicationTests
15:16:34.683 [main] INFO org.springframework.boot.devtools.restart.RestartApplicationListener -- Restart disabled due to context in which it is running

  .   ____          _            __ _ _
 /\\ / ___'_ __ _ _(_)_ __  __ _ \ \ \ \
( ( )\___ | '_ | '_| | '_ \/ _` | \ \ \ \
 \\/  ___)| |_)| | | | | || (_| |  ) ) ) )
  '  |____| .__|_| |_|_| |_\__, | / / / /
 =========|_|==============|___/=/_/_/_/

 :: Spring Boot ::                (v3.3.2)

2024-07-22T15:16:35.039+05:30  INFO 33476 --- [SpringBootRestLatestDockerApp] [           main] gBootRestLatestDockerAppApplicationTests : Starting SpringBootRestLatestDockerAppApplicationTests using Java 17.0.9 with PID 33476 (started by deepa in C:\Personal\Programming\eclipseSpringbootandmsworkspace\SpringBootRestLatestDockerApp)
2024-07-22T15:16:35.043+05:30  INFO 33476 --- [SpringBootRestLatestDockerApp] [           main] gBootRestLatestDockerAppApplicationTests : No active profile set, falling back to 1 default profile: "default"
2024-07-22T15:16:36.406+05:30  INFO 33476 --- [SpringBootRestLatestDockerApp] [           main] gBootRestLatestDockerAppApplicationTests : Started SpringBootRestLatestDockerAppApplicationTests in 1.739 seconds (process running for 2.978)
]]></system-out>
  </testcase>
</testsuite>